Determining if the pthread_create exist failed with the following output:
Change Dir: /home/tungvo/catkin_ws/src/APP_ROBOT/build/CMakeFiles/CMakeTmp

Run Build Command:"/usr/bin/ninja" "cmTC_8c884"
[1/2] Building C object CMakeFiles/cmTC_8c884.dir/CheckSymbolExists.c.o
[2/2] Linking C executable cmTC_8c884
FAILED: cmTC_8c884 
: && /usr/bin/gcc   -rdynamic CMakeFiles/cmTC_8c884.dir/CheckSymbolExists.c.o  -o cmTC_8c884   && :
CMakeFiles/cmTC_8c884.dir/CheckSymbolExists.c.o: In function `main':
CheckSymbolExists.c:(.text+0x1b): undefined reference to `pthread_create'
collect2: error: ld returned 1 exit status
ninja: build stopped: subcommand failed.

File /home/tungvo/catkin_ws/src/APP_ROBOT/build/CMakeFiles/CMakeTmp/CheckSymbolExists.c:
/* */
#include <pthread.h>

int main(int argc, char** argv)
{
  (void)argv;
#ifndef pthread_create
  return ((int*)(&pthread_create))[argc];
#else
  (void)argc;
  return 0;
#endif
}

Determining if the function pthread_create exists in the pthreads failed with the following output:
Change Dir: /home/tungvo/catkin_ws/src/APP_ROBOT/build/CMakeFiles/CMakeTmp

Run Build Command:"/usr/bin/ninja" "cmTC_c1a9e"
[1/2] Building C object CMakeFiles/cmTC_c1a9e.dir/CheckFunctionExists.c.o
[2/2] Linking C executable cmTC_c1a9e
FAILED: cmTC_c1a9e 
: && /usr/bin/gcc -DCHECK_FUNCTION_EXISTS=pthread_create  -rdynamic CMakeFiles/cmTC_c1a9e.dir/CheckFunctionExists.c.o  -o cmTC_c1a9e  -lpthreads && :
/usr/bin/ld: cannot find -lpthreads
collect2: error: ld returned 1 exit status
ninja: build stopped: subcommand failed.


